2019-08-24 14:19:22,377 INFO No binary specified, looking for `pyre.bin` in PATH
2019-08-24 14:19:22,377 INFO Found: `/Library/Frameworks/Python.framework/Versions/3.6/bin/pyre.bin`
2019-08-24 14:19:22,378 INFO No typeshed specified, looking for it
2019-08-24 14:19:22,378 DEBUG Trying with: `/Library/Frameworks/Python.framework/Versions/3.6/lib/python3.6/site-packages/pyre_check/pyre_check/typeshed/`
2019-08-24 14:19:22,378 DEBUG Trying with: `/Library/Frameworks/Python.framework/Versions/3.6/lib/python3.6/site-packages/pyre_check/typeshed/`
2019-08-24 14:19:22,378 DEBUG Trying with: `/Library/Frameworks/Python.framework/Versions/3.6/lib/python3.6/pyre_check/typeshed/`
2019-08-24 14:19:22,378 DEBUG Trying with: `/Library/Frameworks/Python.framework/Versions/3.6/lib/pyre_check/typeshed/`
2019-08-24 14:19:22,378 INFO Found: `/Library/Frameworks/Python.framework/Versions/3.6/lib/pyre_check/typeshed/`
2019-08-24 14:19:22,381 INFO Constructing shared directory `/Users/arthur/Documents/github/Logik/logik/.pyre/shared_analysis_directory_28834`
2019-08-24 14:19:22,381 ERROR No targets or source directories to analyze.

2019-08-24 14:20:08,811 INFO No binary specified, looking for `pyre.bin` in PATH
2019-08-24 14:20:08,811 INFO Found: `/Library/Frameworks/Python.framework/Versions/3.6/bin/pyre.bin`
2019-08-24 14:20:08,812 INFO No typeshed specified, looking for it
2019-08-24 14:20:08,812 DEBUG Trying with: `/Library/Frameworks/Python.framework/Versions/3.6/lib/python3.6/site-packages/pyre_check/pyre_check/typeshed/`
2019-08-24 14:20:08,812 DEBUG Trying with: `/Library/Frameworks/Python.framework/Versions/3.6/lib/python3.6/site-packages/pyre_check/typeshed/`
2019-08-24 14:20:08,812 DEBUG Trying with: `/Library/Frameworks/Python.framework/Versions/3.6/lib/python3.6/pyre_check/typeshed/`
2019-08-24 14:20:08,812 DEBUG Trying with: `/Library/Frameworks/Python.framework/Versions/3.6/lib/pyre_check/typeshed/`
2019-08-24 14:20:08,812 INFO Found: `/Library/Frameworks/Python.framework/Versions/3.6/lib/pyre_check/typeshed/`
2019-08-24 14:20:08,813 WARNING Setting up a `.pyre_configuration` with `pyre init` may reduce overhead.

2019-08-24 14:20:08,813 DEBUG Running `/Library/Frameworks/Python.framework/Versions/3.6/bin/pyre.bin check -logging-sections parser -project-root /Users/arthur/Documents/github/Logik/logik -filter-directories /Users/arthur/Documents/github/Logik/logik -workers 1 -search-path /Library/Frameworks/Python.framework/Versions/3.6/lib/pyre_check/typeshed/stdlib/3.7,/Library/Frameworks/Python.framework/Versions/3.6/lib/pyre_check/typeshed/stdlib/3.6,/Library/Frameworks/Python.framework/Versions/3.6/lib/pyre_check/typeshed/stdlib/3,/Library/Frameworks/Python.framework/Versions/3.6/lib/pyre_check/typeshed/stdlib/2and3,/Library/Frameworks/Python.framework/Versions/3.6/lib/pyre_check/typeshed/third_party/3,/Library/Frameworks/Python.framework/Versions/3.6/lib/pyre_check/typeshed/third_party/2and3 /Users/arthur/Documents/github/Logik/logik`
2019-08-24 14:20:09,352 INFO Parsing 819 stubs and sources...
2019-08-24 14:20:11,263 PERFORMANCE Sources parsed: 2.045000s
2019-08-24 14:20:11,264 INFO Adding built-in environment information to shared memory...
2019-08-24 14:20:11,264 PERFORMANCE Added environment to shared memory: 0.001000s
2019-08-24 14:20:11,368 INFO Building type environment...
2019-08-24 14:20:13,591 PERFORMANCE Full environment built: 2.305000s
2019-08-24 14:20:13,591 PERFORMANCE Registered ignores: 0.022000s
2019-08-24 14:20:13,591 INFO Checking 4 sources...
2019-08-24 14:20:13,693 INFO Running check `TypeCheck`...
2019-08-24 14:20:13,747 INFO Processed 4 of 4 sources
2019-08-24 14:20:13,747 PERFORMANCE Check_TypeCheck: 0.155000s
2019-08-24 14:20:13,747 MEMORY Shared memory size post-typecheck (size: 15)
2019-08-24 14:20:13,777 PERFORMANCE Analyzed sources: 0.155000s
2019-08-24 14:20:13,793 PERFORMANCE Postprocessed: 0.030000s
2019-08-24 14:20:13,808 PERFORMANCE Check: 4.617000s
2019-08-24 14:20:13,809 SUCCESS No type errors found

